<?xml version="1.0" encoding="UTF-8" ?>
<testsuite tests="20" failures="12" name="com.payoff.weather.test.bvt.PayoffWeatherTestBVT" time="19.314" errors="0" skipped="0">
  <properties>
[...]
</properties>
  <testcase classname="com.payoff.weather.test.bvt.PayoffWeatherTestBVT" name="badAuthValue" time="4.939"/>
  <testcase classname="com.payoff.weather.test.bvt.PayoffWeatherTestBVT" name="badLocationTests" time="0.811"/>
  <testcase classname="com.payoff.weather.test.bvt.PayoffWeatherTestBVT" name="badLocationTests" time="0.856"/>
  <testcase classname="com.payoff.weather.test.bvt.PayoffWeatherTestBVT" name="badLocationTests" time="0.677">
    <failure message="JSONObject[&quot;code&quot;] not found." type="org.json.JSONException">org.json.JSONException: JSONObject[&quot;code&quot;] not found.
	at org.json.JSONObject.get(JSONObject.java:476)
	at org.json.JSONObject.getInt(JSONObject.java:538)
	at com.payoff.weather.client.ParsePayoffWeatherData.getErrorMessageCode(ParsePayoffWeatherData.java:14)
	at com.payoff.weather.test.bvt.PayoffWeatherTestBVT.badLocationTests(PayoffWeatherTestBVT.java:165)
</failure>
    <system-out>Sending through bad locations and validating the correct error code/msg
JSON String = [{&quot;day_of_week&quot;:&quot;Wed&quot;,&quot;high&quot;:&quot;&quot;,&quot;low&quot;:&quot;&quot;,&quot;high_celsius&quot;:&quot;-17&quot;,&quot;low_celsius&quot;:&quot;-17&quot;,&quot;condition&quot;:&quot;&quot;},{&quot;day_of_week&quot;:&quot;Wed&quot;,&quot;high&quot;:&quot;&quot;,&quot;low&quot;:&quot;&quot;,&quot;high_celsius&quot;:&quot;-17&quot;,&quot;low_celsius&quot;:&quot;-17&quot;,&quot;condition&quot;:&quot;&quot;},{&quot;day_of_week&quot;:&quot;Wed&quot;,&quot;high&quot;:&quot;&quot;,&quot;low&quot;:&quot;&quot;,&quot;high_celsius&quot;:&quot;-17&quot;,&quot;low_celsius&quot;:&quot;-17&quot;,&quot;condition&quot;:&quot;&quot;},{&quot;day_of_week&quot;:&quot;Wed&quot;,&quot;high&quot;:&quot;&quot;,&quot;low&quot;:&quot;&quot;,&quot;high_celsius&quot;:&quot;-17&quot;,&quot;low_celsius&quot;:&quot;-17&quot;,&quot;condition&quot;:&quot;&quot;},{&quot;day_of_week&quot;:&quot;Wed&quot;,&quot;high&quot;:&quot;&quot;,&quot;low&quot;:&quot;&quot;,&quot;high_celsius&quot;:&quot;-17&quot;,&quot;low_celsius&quot;:&quot;-17&quot;,&quot;condition&quot;:&quot;&quot;},{&quot;day_of_week&quot;:&quot;Wed&quot;,&quot;high&quot;:&quot;&quot;,&quot;low&quot;:&quot;&quot;,&quot;high_celsius&quot;:&quot;-17&quot;,&quot;low_celsius&quot;:&quot;-17&quot;,&quot;condition&quot;:&quot;&quot;},{&quot;day_of_week&quot;:&quot;Wed&quot;,&quot;high&quot;:&quot;&quot;,&quot;low&quot;:&quot;&quot;,&quot;high_celsius&quot;:&quot;-17&quot;,&quot;low_celsius&quot;:&quot;-17&quot;,&quot;condition&quot;:&quot;&quot;}]

</system-out>
  </testcase>
  <testcase classname="com.payoff.weather.test.bvt.PayoffWeatherTestBVT" name="badLocationTests" time="0.607"/>
  <testcase classname="com.payoff.weather.test.bvt.PayoffWeatherTestBVT" name="brokenUrlTest" time="0.13">
    <failure message="The error code returned from the service for an incorrect method should be:  &apos;Some parameters required by the method are missing&apos;. We instead got:  Some parameters required by the method are missing expected [1008] but found [Some parameters required by the method are missing]" type="java.lang.AssertionError">java.lang.AssertionError: The error code returned from the service for an incorrect method should be:  &apos;Some parameters required by the method are missing&apos;. We instead got:  Some parameters required by the method are missing expected [1008] but found [Some parameters required by the method are missing]
	at org.testng.Assert.fail(Assert.java:94)
	at org.testng.Assert.failNotEquals(Assert.java:496)
	at org.testng.Assert.assertEquals(Assert.java:125)
	at com.payoff.weather.test.bvt.PayoffWeatherTestBVT.brokenUrlTest(PayoffWeatherTestBVT.java:232)
</failure>
    <system-out>Testing with missing location query parameter, should get a 200 status but an error message.
JSON String = [{&quot;message&quot;:&quot;Some parameters required by the method are missing&quot;,&quot;code&quot;:1008}]

</system-out>
  </testcase>
  <testcase classname="com.payoff.weather.test.bvt.PayoffWeatherTestBVT" name="checkRestMethodCompliance" time="0.191"/>
  <testcase classname="com.payoff.weather.test.bvt.PayoffWeatherTestBVT" name="checkRestMethodCompliance" time="0.183">
    <failure message="For http method:  PUT, we should have gotten a 404 http status code.  Instead we got:  500. expected [404] but found [500]" type="java.lang.AssertionError">java.lang.AssertionError: For http method:  PUT, we should have gotten a 404 http status code.  Instead we got:  500. expected [404] but found [500]
	at org.testng.Assert.fail(Assert.java:94)
	at org.testng.Assert.failNotEquals(Assert.java:496)
	at org.testng.Assert.assertEquals(Assert.java:125)
	at org.testng.Assert.assertEquals(Assert.java:372)
	at com.payoff.weather.test.bvt.PayoffWeatherTestBVT.checkRestMethodCompliance(PayoffWeatherTestBVT.java:199)
</failure>
    <system-out>Only GET should be used for this method, we&apos;ll use:  PUT, for city:  Los Angeles.
JSON String = {&quot;message&quot;:&quot;Ops, an error occurred (╯°□°）╯&quot;}

</system-out>
  </testcase>
  <testcase classname="com.payoff.weather.test.bvt.PayoffWeatherTestBVT" name="checkRestMethodCompliance" time="0.104">
    <failure message="For http method:  DELETE, we should have gotten a 404 http status code.  Instead we got:  500. expected [404] but found [500]" type="java.lang.AssertionError">java.lang.AssertionError: For http method:  DELETE, we should have gotten a 404 http status code.  Instead we got:  500. expected [404] but found [500]
	at org.testng.Assert.fail(Assert.java:94)
	at org.testng.Assert.failNotEquals(Assert.java:496)
	at org.testng.Assert.assertEquals(Assert.java:125)
	at org.testng.Assert.assertEquals(Assert.java:372)
	at com.payoff.weather.test.bvt.PayoffWeatherTestBVT.checkRestMethodCompliance(PayoffWeatherTestBVT.java:199)
</failure>
    <system-out>Only GET should be used for this method, we&apos;ll use:  DELETE, for city:  Los Angeles.
JSON String = {&quot;message&quot;:&quot;Ops, an error occurred (╯°□°）╯&quot;}

</system-out>
  </testcase>
  <testcase classname="com.payoff.weather.test.bvt.PayoffWeatherTestBVT" name="checkValidWeather" time="0.746">
    <failure message="For Los Angeles:  We expected the first day of the week to be:  Tue.  But we got:  Wed, instead. expected [tue] but found [wed]" type="java.lang.AssertionError">java.lang.AssertionError: For Los Angeles:  We expected the first day of the week to be:  Tue.  But we got:  Wed, instead. expected [tue] but found [wed]
	at org.testng.Assert.fail(Assert.java:94)
	at org.testng.Assert.failNotEquals(Assert.java:496)
	at org.testng.Assert.assertEquals(Assert.java:125)
	at org.testng.Assert.assertEquals(Assert.java:178)
	at com.payoff.weather.test.bvt.PayoffWeatherTestBVT.checkValidWeather(PayoffWeatherTestBVT.java:83)
</failure>
    <system-out>Starting weather check for location = Los Angeles
</system-out>
  </testcase>
  <testcase classname="com.payoff.weather.test.bvt.PayoffWeatherTestBVT" name="checkValidWeather" time="0.746">
    <failure message="For New York:  We expected the first day of the week to be:  Tue.  But we got:  Wed, instead. expected [tue] but found [wed]" type="java.lang.AssertionError">java.lang.AssertionError: For New York:  We expected the first day of the week to be:  Tue.  But we got:  Wed, instead. expected [tue] but found [wed]
	at org.testng.Assert.fail(Assert.java:94)
	at org.testng.Assert.failNotEquals(Assert.java:496)
	at org.testng.Assert.assertEquals(Assert.java:125)
	at org.testng.Assert.assertEquals(Assert.java:178)
	at com.payoff.weather.test.bvt.PayoffWeatherTestBVT.checkValidWeather(PayoffWeatherTestBVT.java:83)
</failure>
    <system-out>Starting weather check for location = New York
</system-out>
  </testcase>
  <testcase classname="com.payoff.weather.test.bvt.PayoffWeatherTestBVT" name="checkValidWeather" time="0.625">
    <failure message="For 92677:  We expected the first day of the week to be:  Tue.  But we got:  Wed, instead. expected [tue] but found [wed]" type="java.lang.AssertionError">java.lang.AssertionError: For 92677:  We expected the first day of the week to be:  Tue.  But we got:  Wed, instead. expected [tue] but found [wed]
	at org.testng.Assert.fail(Assert.java:94)
	at org.testng.Assert.failNotEquals(Assert.java:496)
	at org.testng.Assert.assertEquals(Assert.java:125)
	at org.testng.Assert.assertEquals(Assert.java:178)
	at com.payoff.weather.test.bvt.PayoffWeatherTestBVT.checkValidWeather(PayoffWeatherTestBVT.java:83)
</failure>
    <system-out>Starting weather check for location = 92677
</system-out>
  </testcase>
  <testcase classname="com.payoff.weather.test.bvt.PayoffWeatherTestBVT" name="checkValidWeather" time="0.781">
    <failure message="For Guadalcanal:  We have empty data for the fahrenheit high temp!" type="java.lang.AssertionError">java.lang.AssertionError: For Guadalcanal:  We have empty data for the fahrenheit high temp!
	at org.testng.Assert.fail(Assert.java:94)
	at org.testng.Assert.assertNotEquals(Assert.java:856)
	at com.payoff.weather.test.bvt.PayoffWeatherTestBVT.checkValidWeather(PayoffWeatherTestBVT.java:86)
</failure>
    <system-out>Starting weather check for location = Guadalcanal
</system-out>
  </testcase>
  <testcase classname="com.payoff.weather.test.bvt.PayoffWeatherTestBVT" name="checkValidWeather" time="2.023">
    <failure message="For Carlsbad, CA:  We expected the first day of the week to be:  Tue.  But we got:  Wed, instead. expected [tue] but found [wed]" type="java.lang.AssertionError">java.lang.AssertionError: For Carlsbad, CA:  We expected the first day of the week to be:  Tue.  But we got:  Wed, instead. expected [tue] but found [wed]
	at org.testng.Assert.fail(Assert.java:94)
	at org.testng.Assert.failNotEquals(Assert.java:496)
	at org.testng.Assert.assertEquals(Assert.java:125)
	at org.testng.Assert.assertEquals(Assert.java:178)
	at com.payoff.weather.test.bvt.PayoffWeatherTestBVT.checkValidWeather(PayoffWeatherTestBVT.java:83)
</failure>
    <system-out>Starting weather check for location = Carlsbad, CA
</system-out>
  </testcase>
  <testcase classname="com.payoff.weather.test.bvt.PayoffWeatherTestBVT" name="checkValidWeather" time="0.679">
    <failure message="For Carlsbad, NM:  We expected the first day of the week to be:  Tue.  But we got:  Wed, instead. expected [tue] but found [wed]" type="java.lang.AssertionError">java.lang.AssertionError: For Carlsbad, NM:  We expected the first day of the week to be:  Tue.  But we got:  Wed, instead. expected [tue] but found [wed]
	at org.testng.Assert.fail(Assert.java:94)
	at org.testng.Assert.failNotEquals(Assert.java:496)
	at org.testng.Assert.assertEquals(Assert.java:125)
	at org.testng.Assert.assertEquals(Assert.java:178)
	at com.payoff.weather.test.bvt.PayoffWeatherTestBVT.checkValidWeather(PayoffWeatherTestBVT.java:83)
</failure>
    <system-out>Starting weather check for location = Carlsbad, NM
</system-out>
  </testcase>
  <testcase classname="com.payoff.weather.test.bvt.PayoffWeatherTestBVT" name="checkValidWeather" time="0.807">
    <failure message="For   Oakland:  We expected the first day of the week to be:  Tue.  But we got:  Wed, instead. expected [tue] but found [wed]" type="java.lang.AssertionError">java.lang.AssertionError: For   Oakland:  We expected the first day of the week to be:  Tue.  But we got:  Wed, instead. expected [tue] but found [wed]
	at org.testng.Assert.fail(Assert.java:94)
	at org.testng.Assert.failNotEquals(Assert.java:496)
	at org.testng.Assert.assertEquals(Assert.java:125)
	at org.testng.Assert.assertEquals(Assert.java:178)
	at com.payoff.weather.test.bvt.PayoffWeatherTestBVT.checkValidWeather(PayoffWeatherTestBVT.java:83)
</failure>
    <system-out>Starting weather check for location =   Oakland
</system-out>
  </testcase>
  <testcase classname="com.payoff.weather.test.bvt.PayoffWeatherTestBVT" name="checkValidWeather" time="0.839">
    <failure message="For Oakland  :  We expected the first day of the week to be:  Tue.  But we got:  Wed, instead. expected [tue] but found [wed]" type="java.lang.AssertionError">java.lang.AssertionError: For Oakland  :  We expected the first day of the week to be:  Tue.  But we got:  Wed, instead. expected [tue] but found [wed]
	at org.testng.Assert.fail(Assert.java:94)
	at org.testng.Assert.failNotEquals(Assert.java:496)
	at org.testng.Assert.assertEquals(Assert.java:125)
	at org.testng.Assert.assertEquals(Assert.java:178)
	at com.payoff.weather.test.bvt.PayoffWeatherTestBVT.checkValidWeather(PayoffWeatherTestBVT.java:83)
</failure>
    <system-out>Starting weather check for location = Oakland  
</system-out>
  </testcase>
  <testcase classname="com.payoff.weather.test.bvt.PayoffWeatherTestBVT" name="cityToZipComparison" time="3.396"/>
  <testcase classname="com.payoff.weather.test.bvt.PayoffWeatherTestBVT" name="noAuthHeader" time="0.089"/>
  <testcase classname="com.payoff.weather.test.bvt.PayoffWeatherTestBVT" name="noAuthValue" time="0.085"/>
</testsuite>