<?xml version="1.0" encoding="UTF-8"?>
<!-- Generated by org.testng.reporters.JUnitXMLReporter -->
<testsuite hostname="cirej2000-lap2" name="Command line test" tests="6" failures="6" timestamp="7 Jun 2015 17:12:52 GMT" time="9.509" errors="0">
  <testcase name="checkValidWeather" time="3.185" classname="com.payoff.weather.test.bvt.PayoffWeatherTestBVT">
    <failure type="java.lang.AssertionError" message="We expected the first day of the week to be:  Sun.  Be we got:  Wed, instead. expected [sun] but found [wed]">
      <![CDATA[java.lang.AssertionError: We expected the first day of the week to be:  Sun.  Be we got:  Wed, instead. expected [sun] but found [wed]
	at com.payoff.weather.test.bvt.PayoffWeatherTestBVT.checkValidWeather(PayoffWeatherTestBVT.java:76)
... Removed 37 stack frames]]>
    </failure>
  </testcase> <!-- checkValidWeather -->
  <testcase name="checkValidWeather" time="0.998" classname="com.payoff.weather.test.bvt.PayoffWeatherTestBVT">
    <failure type="java.lang.AssertionError" message="We expected the first day of the week to be:  Sun.  Be we got:  Wed, instead. expected [sun] but found [wed]">
      <![CDATA[java.lang.AssertionError: We expected the first day of the week to be:  Sun.  Be we got:  Wed, instead. expected [sun] but found [wed]
	at com.payoff.weather.test.bvt.PayoffWeatherTestBVT.checkValidWeather(PayoffWeatherTestBVT.java:76)
... Removed 37 stack frames]]>
    </failure>
  </testcase> <!-- checkValidWeather -->
  <testcase name="checkValidWeather" time="1.194" classname="com.payoff.weather.test.bvt.PayoffWeatherTestBVT">
    <failure type="java.lang.AssertionError" message="We expected the first day of the week to be:  Sun.  Be we got:  Wed, instead. expected [sun] but found [wed]">
      <![CDATA[java.lang.AssertionError: We expected the first day of the week to be:  Sun.  Be we got:  Wed, instead. expected [sun] but found [wed]
	at com.payoff.weather.test.bvt.PayoffWeatherTestBVT.checkValidWeather(PayoffWeatherTestBVT.java:76)
... Removed 37 stack frames]]>
    </failure>
  </testcase> <!-- checkValidWeather -->
  <testcase name="checkValidWeather" time="1.064" classname="com.payoff.weather.test.bvt.PayoffWeatherTestBVT">
    <failure type="java.lang.AssertionError" message="We expected the first day of the week to be:  Sun.  Be we got:  Wed, instead. expected [sun] but found [wed]">
      <![CDATA[java.lang.AssertionError: We expected the first day of the week to be:  Sun.  Be we got:  Wed, instead. expected [sun] but found [wed]
	at com.payoff.weather.test.bvt.PayoffWeatherTestBVT.checkValidWeather(PayoffWeatherTestBVT.java:76)
... Removed 37 stack frames]]>
    </failure>
  </testcase> <!-- checkValidWeather -->
  <testcase name="checkValidWeather" time="2.092" classname="com.payoff.weather.test.bvt.PayoffWeatherTestBVT">
    <failure type="java.lang.AssertionError" message="We expected the first day of the week to be:  Sun.  Be we got:  Wed, instead. expected [sun] but found [wed]">
      <![CDATA[java.lang.AssertionError: We expected the first day of the week to be:  Sun.  Be we got:  Wed, instead. expected [sun] but found [wed]
	at com.payoff.weather.test.bvt.PayoffWeatherTestBVT.checkValidWeather(PayoffWeatherTestBVT.java:76)
... Removed 37 stack frames]]>
    </failure>
  </testcase> <!-- checkValidWeather -->
  <testcase name="checkValidWeather" time="0.937" classname="com.payoff.weather.test.bvt.PayoffWeatherTestBVT">
    <failure type="java.lang.AssertionError" message="We expected the first day of the week to be:  Sun.  Be we got:  Wed, instead. expected [sun] but found [wed]">
      <![CDATA[java.lang.AssertionError: We expected the first day of the week to be:  Sun.  Be we got:  Wed, instead. expected [sun] but found [wed]
	at com.payoff.weather.test.bvt.PayoffWeatherTestBVT.checkValidWeather(PayoffWeatherTestBVT.java:76)
... Removed 37 stack frames]]>
    </failure>
  </testcase> <!-- checkValidWeather -->
</testsuite> <!-- Command line test -->
